#
# There is insufficient memory for the Java Runtime Environment to continue.
# Native memory allocation (mmap) failed to map 44040192 bytes for Failed to commit area from 0x000000008cf00000 to 0x000000008f900000 of length 44040192.
# Possible reasons:
#   The system is out of physical RAM or swap space
#   The process is running with CompressedOops enabled, and the Java Heap may be blocking the growth of the native heap
# Possible solutions:
#   Reduce memory load on the system
#   Increase physical memory or swap space
#   Check if swap backing store is full
#   Decrease Java heap size (-Xmx/-Xms)
#   Decrease number of Java threads
#   Decrease Java thread stack sizes (-Xss)
#   Set larger code cache with -XX:ReservedCodeCacheSize=
#   JVM is running with Unscaled Compressed Oops mode in which the Java heap is
#     placed in the first 4GB address space. The Java Heap base address is the
#     maximum limit for the native heap growth. Please use -XX:HeapBaseMinAddress
#     to set the Java Heap base and to place the Java Heap above 4GB virtual address.
# This output file may be truncated or incomplete.
#
#  Out of Memory Error (./src/hotspot/os/windows/os_windows.cpp:3619), pid=11176, tid=4660
#
# JRE version: OpenJDK Runtime Environment (11.0.13) (build 11.0.13+0-b1751.21-8125866)
# Java VM: OpenJDK 64-Bit Server VM (11.0.13+0-b1751.21-8125866, mixed mode, tiered, compressed oops, g1 gc, windows-amd64)
# No core dump will be written. Minidumps are not enabled by default on client versions of Windows
#

---------------  S U M M A R Y ------------

Command Line: --add-opens=java.base/java.util=ALL-UNNAMED --add-opens=java.base/java.lang=ALL-UNNAMED --add-opens=java.base/java.lang.invoke=ALL-UNNAMED --add-opens=java.base/java.util=ALL-UNNAMED --add-opens=java.prefs/java.util.prefs=ALL-UNNAMED --add-opens=java.prefs/java.util.prefs=ALL-UNNAMED --add-opens=java.base/java.nio.charset=ALL-UNNAMED --add-opens=java.base/java.net=ALL-UNNAMED --add-opens=java.base/java.util.concurrent.atomic=ALL-UNNAMED -Xmx2048m -Dfile.encoding=UTF-8 -Duser.country=US -Duser.language=en -Duser.variant org.gradle.launcher.daemon.bootstrap.GradleDaemon 7.3.3

Host: Intel(R) Core(TM) i3-4005U CPU @ 1.70GHz, 4 cores, 3G,  Windows 10 , 64 bit Build 19041 (10.0.19041.2251)
Time: Fri Mar 10 14:14:02 2023 India Standard Time elapsed time: 30.259774 seconds (0d 0h 0m 30s)

---------------  T H R E A D  ---------------

Current thread (0x0000027ba3137000):  VMThread "VM Thread" [stack: 0x0000007fd8300000,0x0000007fd8400000] [id=4660]

Stack: [0x0000007fd8300000,0x0000007fd8400000]
[error occurred during error reporting (printing stack bounds), id 0xc0000005, EXCEPTION_ACCESS_VIOLATION (0xc0000005) at pc=0x0000027b8c90112d]

Native frames: (J=compiled Java code, j=interpreted, Vv=VM code, C=native code)
V  [jvm.dll+0x6100fa]
V  [jvm.dll+0x747090]
V  [jvm.dll+0x7486ad]
V  [jvm.dll+0x748ce5]
V  [jvm.dll+0x748c9b]
V  [jvm.dll+0x60f224]
V  [jvm.dll+0x60f9b8]
C  [ntdll.dll+0xa241f]
C  [ntdll.dll+0x514a4]
C  [ntdll.dll+0xa0f4e]
C  0x0000027b8c90112d

VM_Operation (0x0000007fd95f5c60): G1CollectForAllocation, mode: safepoint, requested by thread 0x0000027ba5fc6000


---------------  P R O C E S S  ---------------

Threads class SMR info:
_java_thread_list=0x0000027ba3b6d650, length=79, elements={
0x0000027b88dbe800, 0x0000027ba313c800, 0x0000027ba3140000, 0x0000027ba3199800,
0x0000027ba319a000, 0x0000027ba319c800, 0x0000027ba31a5000, 0x0000027ba31b0000,
0x0000027ba31b3800, 0x0000027ba3c20800, 0x0000027ba5323000, 0x0000027ba51c5000,
0x0000027ba55b8000, 0x0000027ba59d2000, 0x0000027ba59d2800, 0x0000027ba5a3e000,
0x0000027ba5fc6000, 0x0000027ba5a9b800, 0x0000027ba4af3000, 0x0000027ba4af3800,
0x0000027ba5fbf000, 0x0000027ba5fba000, 0x0000027ba5fbc800, 0x0000027ba5fba800,
0x0000027ba5fbf800, 0x0000027ba5fc0800, 0x0000027ba5fbb800, 0x0000027ba5fbd000,
0x0000027ba5fbe000, 0x0000027ba66f6000, 0x0000027ba66fb000, 0x0000027ba66fb800,
0x0000027ba66fa000, 0x0000027ba66fc800, 0x0000027ba66f7800, 0x0000027ba66f9000,
0x0000027ba66fe000, 0x0000027ba66fd800, 0x0000027ba66f8800, 0x0000027ba66ff000,
0x0000027ba6703000, 0x0000027ba6704000, 0x0000027ba6702000, 0x0000027ba6701800,
0x0000027ba6704800, 0x0000027ba66ff800, 0x0000027ba6700800, 0x0000027ba85e8000,
0x0000027ba85e6000, 0x0000027ba85e4000, 0x0000027ba85e3000, 0x0000027ba85e7000,
0x0000027ba85e9800, 0x0000027ba85ea800, 0x0000027ba85e8800, 0x0000027ba85e4800,
0x0000027ba85eb000, 0x0000027ba85e5800, 0x0000027ba85ed800, 0x0000027ba85ee800,
0x0000027ba85ef000, 0x0000027ba85f1800, 0x0000027ba85ec000, 0x0000027ba85f0000,
0x0000027ba85f1000, 0x0000027ba85ed000, 0x0000027ba5bd6800, 0x0000027ba5bd8000,
0x0000027ba5bd7000, 0x0000027ba5bd5800, 0x0000027ba5bd4000, 0x0000027ba5bd9800,
0x0000027ba5bd8800, 0x0000027ba5bd4800, 0x0000027ba5bda800, 0x0000027ba5be1000,
0x0000027ba5bdf800, 0x0000027ba5be0000, 0x0000027ba5bdc000
}

Java Threads: ( => current thread )
  0x0000027b88dbe800 JavaThread "main" [_thread_blocked, id=6684, stack(0x0000007fd7d00000,0x0000007fd7e00000)]
  0x0000027ba313c800 JavaThread "Reference Handler" daemon [_thread_blocked, id=12516, stack(0x0000007fd8400000,0x0000007fd8500000)]
  0x0000027ba3140000 JavaThread "Finalizer" daemon [_thread_blocked, id=6320, stack(0x0000007fd8500000,0x0000007fd8600000)]
  0x0000027ba3199800 JavaThread "Signal Dispatcher" daemon [_thread_blocked, id=2696, stack(0x0000007fd8600000,0x0000007fd8700000)]
  0x0000027ba319a000 JavaThread "Attach Listener" daemon [_thread_blocked, id=4300, stack(0x0000007fd8700000,0x0000007fd8800000)]
  0x0000027ba319c800 JavaThread "Service Thread" daemon [_thread_blocked, id=1184, stack(0x0000007fd8800000,0x0000007fd8900000)]
  0x0000027ba31a5000 JavaThread "C2 CompilerThread0" daemon [_thread_blocked, id=11208, stack(0x0000007fd8900000,0x0000007fd8a00000)]
  0x0000027ba31b0000 JavaThread "C1 CompilerThread0" daemon [_thread_blocked, id=5924, stack(0x0000007fd8a00000,0x0000007fd8b00000)]
  0x0000027ba31b3800 JavaThread "Sweeper thread" daemon [_thread_blocked, id=7280, stack(0x0000007fd8b00000,0x0000007fd8c00000)]
  0x0000027ba3c20800 JavaThread "Common-Cleaner" daemon [_thread_blocked, id=3760, stack(0x0000007fd8c00000,0x0000007fd8d00000)]
  0x0000027ba5323000 JavaThread "Daemon health stats" [_thread_blocked, id=8464, stack(0x0000007fd8f00000,0x0000007fd9000000)]
  0x0000027ba51c5000 JavaThread "Incoming local TCP Connector on port 64598" [_thread_in_native, id=7284, stack(0x0000007fd9000000,0x0000007fd9100000)]
  0x0000027ba55b8000 JavaThread "Daemon periodic checks" [_thread_blocked, id=5252, stack(0x0000007fd9100000,0x0000007fd9200000)]
  0x0000027ba59d2000 JavaThread "Daemon" [_thread_blocked, id=5156, stack(0x0000007fd9200000,0x0000007fd9300000)]
  0x0000027ba59d2800 JavaThread "Handler for socket connection from /127.0.0.1:64598 to /127.0.0.1:64599" [_thread_in_native, id=4824, stack(0x0000007fd9300000,0x0000007fd9400000)]
  0x0000027ba5a3e000 JavaThread "Cancel handler" [_thread_blocked, id=240, stack(0x0000007fd9400000,0x0000007fd9500000)]
  0x0000027ba5fc6000 JavaThread "Daemon worker" [_thread_blocked, id=11852, stack(0x0000007fd9500000,0x0000007fd9600000)]
  0x0000027ba5a9b800 JavaThread "Asynchronous log dispatcher for DefaultDaemonConnection: socket connection from /127.0.0.1:64598 to /127.0.0.1:64599" [_thread_blocked, id=4776, stack(0x0000007fd9600000,0x0000007fd9700000)]
  0x0000027ba4af3000 JavaThread "Stdin handler" [_thread_blocked, id=10144, stack(0x0000007fd9700000,0x0000007fd9800000)]
  0x0000027ba4af3800 JavaThread "Daemon client event forwarder" [_thread_blocked, id=2588, stack(0x0000007fd9800000,0x0000007fd9900000)]
  0x0000027ba5fbf000 JavaThread "Cache worker for journal cache (C:\Users\intel\.gradle\caches\journal-1)" [_thread_blocked, id=5720, stack(0x0000007fd9b00000,0x0000007fd9c00000)]
  0x0000027ba5fba000 JavaThread "File lock request listener" [_thread_in_native, id=4696, stack(0x0000007fd9c00000,0x0000007fd9d00000)]
  0x0000027ba5fbc800 JavaThread "Cache worker for file hash cache (C:\Users\intel\.gradle\caches\7.3.3\fileHashes)" [_thread_blocked, id=10876, stack(0x0000007fd9d00000,0x0000007fd9e00000)]
  0x0000027ba5fba800 JavaThread "Cache worker for file hash cache (E:\Android Projects\Facebook Project\Facebook vs1.3\Facebook\.gradle\7.3.3\fileHashes)" [_thread_blocked, id=4812, stack(0x0000007fd9e00000,0x0000007fd9f00000)]
  0x0000027ba5fbf800 JavaThread "File watcher server" daemon [_thread_in_native, id=8652, stack(0x0000007fd9f00000,0x0000007fda000000)]
  0x0000027ba5fc0800 JavaThread "File watcher consumer" daemon [_thread_blocked, id=9920, stack(0x0000007fda000000,0x0000007fda100000)]
  0x0000027ba5fbb800 JavaThread "jar transforms" [_thread_blocked, id=1980, stack(0x0000007fda100000,0x0000007fda200000)]
  0x0000027ba5fbd000 JavaThread "jar transforms Thread 2" [_thread_blocked, id=13260, stack(0x0000007fda200000,0x0000007fda300000)]
  0x0000027ba5fbe000 JavaThread "jar transforms Thread 3" [_thread_blocked, id=8880, stack(0x0000007fda300000,0x0000007fda400000)]
  0x0000027ba66f6000 JavaThread "jar transforms Thread 4" [_thread_blocked, id=10308, stack(0x0000007fda400000,0x0000007fda500000)]
  0x0000027ba66fb000 JavaThread "Cache worker for checksums cache (E:\Android Projects\Facebook Project\Facebook vs1.3\Facebook\.gradle\7.3.3\checksums)" [_thread_blocked, id=10636, stack(0x0000007fda500000,0x0000007fda600000)]
  0x0000027ba66fb800 JavaThread "Cache worker for cache directory md-supplier (C:\Users\intel\.gradle\caches\7.3.3\md-supplier)" [_thread_blocked, id=8812, stack(0x0000007fda600000,0x0000007fda700000)]
  0x0000027ba66fa000 JavaThread "Cache worker for cache directory md-rule (C:\Users\intel\.gradle\caches\7.3.3\md-rule)" [_thread_blocked, id=3788, stack(0x0000007fda700000,0x0000007fda800000)]
  0x0000027ba66fc800 JavaThread "Cache worker for execution history cache (C:\Users\intel\.gradle\caches\7.3.3\executionHistory)" [_thread_blocked, id=6848, stack(0x0000007fda800000,0x0000007fda900000)]
  0x0000027ba66f7800 JavaThread "Cache worker for file content cache (C:\Users\intel\.gradle\caches\7.3.3\fileContent)" [_thread_blocked, id=8048, stack(0x0000007fda900000,0x0000007fdaa00000)]
  0x0000027ba66f9000 JavaThread "Cache worker for dependencies-accessors (E:\Android Projects\Facebook Project\Facebook vs1.3\Facebook\.gradle\7.3.3\dependencies-accessors)" [_thread_blocked, id=9420, stack(0x0000007fdaa00000,0x0000007fdab00000)]
  0x0000027ba66fe000 JavaThread "Cache worker for Build Output Cleanup Cache (E:\Android Projects\Facebook Project\Facebook vs1.3\Facebook\.gradle\buildOutputCleanup)" [_thread_blocked, id=10932, stack(0x0000007fdab00000,0x0000007fdac00000)]
  0x0000027ba66fd800 JavaThread "Unconstrained build operations" [_thread_blocked, id=12320, stack(0x0000007fdac00000,0x0000007fdad00000)]
  0x0000027ba66f8800 JavaThread "Unconstrained build operations Thread 2" [_thread_blocked, id=8280, stack(0x0000007fdad00000,0x0000007fdae00000)]
  0x0000027ba66ff000 JavaThread "Unconstrained build operations Thread 3" [_thread_blocked, id=2620, stack(0x0000007fdae00000,0x0000007fdaf00000)]
  0x0000027ba6703000 JavaThread "Unconstrained build operations Thread 4" [_thread_blocked, id=7328, stack(0x0000007fdaf00000,0x0000007fdb000000)]
  0x0000027ba6704000 JavaThread "Unconstrained build operations Thread 5" [_thread_blocked, id=3080, stack(0x0000007fdb000000,0x0000007fdb100000)]
  0x0000027ba6702000 JavaThread "Unconstrained build operations Thread 6" [_thread_blocked, id=12028, stack(0x0000007fdb100000,0x0000007fdb200000)]
  0x0000027ba6701800 JavaThread "Unconstrained build operations Thread 7" [_thread_blocked, id=3028, stack(0x0000007fdb200000,0x0000007fdb300000)]
  0x0000027ba6704800 JavaThread "Unconstrained build operations Thread 8" [_thread_blocked, id=3020, stack(0x0000007fdb300000,0x0000007fdb400000)]
  0x0000027ba66ff800 JavaThread "Unconstrained build operations Thread 9" [_thread_blocked, id=1364, stack(0x0000007fdb400000,0x0000007fdb500000)]
  0x0000027ba6700800 JavaThread "Unconstrained build operations Thread 10" [_thread_blocked, id=10384, stack(0x0000007fdb500000,0x0000007fdb600000)]
  0x0000027ba85e8000 JavaThread "Unconstrained build operations Thread 11" [_thread_blocked, id=8172, stack(0x0000007fdb600000,0x0000007fdb700000)]
  0x0000027ba85e6000 JavaThread "Unconstrained build operations Thread 12" [_thread_blocked, id=5320, stack(0x0000007fdb700000,0x0000007fdb800000)]
  0x0000027ba85e4000 JavaThread "Unconstrained build operations Thread 13" [_thread_blocked, id=6904, stack(0x0000007fdb800000,0x0000007fdb900000)]
  0x0000027ba85e3000 JavaThread "Unconstrained build operations Thread 14" [_thread_blocked, id=6844, stack(0x0000007fdb900000,0x0000007fdba00000)]
  0x0000027ba85e7000 JavaThread "Unconstrained build operations Thread 15" [_thread_blocked, id=12260, stack(0x0000007fdba00000,0x0000007fdbb00000)]
  0x0000027ba85e9800 JavaThread "Unconstrained build operations Thread 16" [_thread_blocked, id=5304, stack(0x0000007fdbb00000,0x0000007fdbc00000)]
  0x0000027ba85ea800 JavaThread "Unconstrained build operations Thread 17" [_thread_blocked, id=1588, stack(0x0000007fdbc00000,0x0000007fdbd00000)]
  0x0000027ba85e8800 JavaThread "Unconstrained build operations Thread 18" [_thread_blocked, id=1292, stack(0x0000007fdbd00000,0x0000007fdbe00000)]
  0x0000027ba85e4800 JavaThread "Unconstrained build operations Thread 19" [_thread_blocked, id=13200, stack(0x0000007fdbe00000,0x0000007fdbf00000)]
  0x0000027ba85eb000 JavaThread "Unconstrained build operations Thread 20" [_thread_blocked, id=2684, stack(0x0000007fdbf00000,0x0000007fdc000000)]
  0x0000027ba85e5800 JavaThread "Unconstrained build operations Thread 21" [_thread_blocked, id=1824, stack(0x0000007fdc000000,0x0000007fdc100000)]
  0x0000027ba85ed800 JavaThread "Unconstrained build operations Thread 22" [_thread_blocked, id=9684, stack(0x0000007fdc100000,0x0000007fdc200000)]
  0x0000027ba85ee800 JavaThread "Unconstrained build operations Thread 23" [_thread_blocked, id=3228, stack(0x0000007fdc200000,0x0000007fdc300000)]
  0x0000027ba85ef000 JavaThread "Unconstrained build operations Thread 24" [_thread_blocked, id=9708, stack(0x0000007fdc300000,0x0000007fdc400000)]
  0x0000027ba85f1800 JavaThread "Unconstrained build operations Thread 25" [_thread_blocked, id=12744, stack(0x0000007fdc400000,0x0000007fdc500000)]
  0x0000027ba85ec000 JavaThread "Unconstrained build operations Thread 26" [_thread_blocked, id=3440, stack(0x0000007fdc500000,0x0000007fdc600000)]
  0x0000027ba85f0000 JavaThread "Unconstrained build operations Thread 27" [_thread_blocked, id=12392, stack(0x0000007fdc600000,0x0000007fdc700000)]
  0x0000027ba85f1000 JavaThread "Unconstrained build operations Thread 28" [_thread_blocked, id=5212, stack(0x0000007fdc700000,0x0000007fdc800000)]
  0x0000027ba85ed000 JavaThread "Unconstrained build operations Thread 29" [_thread_blocked, id=12824, stack(0x0000007fdc800000,0x0000007fdc900000)]
  0x0000027ba5bd6800 JavaThread "Unconstrained build operations Thread 30" [_thread_blocked, id=4348, stack(0x0000007fdc900000,0x0000007fdca00000)]
  0x0000027ba5bd8000 JavaThread "Unconstrained build operations Thread 31" [_thread_blocked, id=6852, stack(0x0000007fdca00000,0x0000007fdcb00000)]
  0x0000027ba5bd7000 JavaThread "Unconstrained build operations Thread 32" [_thread_blocked, id=6620, stack(0x0000007fdcb00000,0x0000007fdcc00000)]
  0x0000027ba5bd5800 JavaThread "Unconstrained build operations Thread 33" [_thread_blocked, id=3460, stack(0x0000007fdcc00000,0x0000007fdcd00000)]
  0x0000027ba5bd4000 JavaThread "Unconstrained build operations Thread 34" [_thread_blocked, id=12048, stack(0x0000007fdcd00000,0x0000007fdce00000)]
  0x0000027ba5bd9800 JavaThread "Unconstrained build operations Thread 35" [_thread_blocked, id=6404, stack(0x0000007fdce00000,0x0000007fdcf00000)]
  0x0000027ba5bd8800 JavaThread "Unconstrained build operations Thread 36" [_thread_blocked, id=11060, stack(0x0000007fdcf00000,0x0000007fdd000000)]
  0x0000027ba5bd4800 JavaThread "Unconstrained build operations Thread 37" [_thread_blocked, id=1224, stack(0x0000007fdd000000,0x0000007fdd100000)]
  0x0000027ba5bda800 JavaThread "Unconstrained build operations Thread 38" [_thread_blocked, id=9300, stack(0x0000007fdd100000,0x0000007fdd200000)]
  0x0000027ba5be1000 JavaThread "Unconstrained build operations Thread 39" [_thread_blocked, id=2412, stack(0x0000007fdd200000,0x0000007fdd300000)]
  0x0000027ba5bdf800 JavaThread "Unconstrained build operations Thread 40" [_thread_blocked, id=6840, stack(0x0000007fdd300000,0x0000007fdd400000)]
  0x0000027ba5be0000 JavaThread "Memory manager" [_thread_blocked, id=4464, stack(0x0000007fdd400000,0x0000007fdd500000)]
  0x0000027ba5bdc000 JavaThread "Cache worker for execution history cache (E:\Android Projects\Facebook Project\Facebook vs1.3\Facebook\.gradle\7.3.3\executionHistory)" [_thread_blocked, id=9044, stack(0x0000007fdd800000,0x0000007fdd900000)]

Other Threads:
=>0x0000027ba3137000 VMThread "VM Thread" [stack: 0x0000007fd8300000,0x0000007fd8400000] [id=4660]
  0x0000027ba3c3d800 WatcherThread [stack: 0x0000007fd8d00000,0x0000007fd8e00000] [id=2832]
  0x0000027b88dd6800 GCTaskThread "GC Thread#0" [stack: 0x0000007fd7e00000,0x0000007fd7f00000] [id=9400]
  0x0000027ba40f4000 GCTaskThread "GC Thread#1" [stack: 0x0000007fd8e00000,0x0000007fd8f00000] [id=6108]
  0x0000027ba5579800 GCTaskThread "GC Thread#2" [stack: 0x0000007fd9900000,0x0000007fd9a00000] [id=8976]
  0x0000027ba49a7800 GCTaskThread "GC Thread#3" [stack: 0x0000007fd9a00000,0x0000007fd9b00000] [id=10760]
  0x0000027b88e07800 ConcurrentGCThread "G1 Main Marker" [stack: 0x0000007fd7f00000,0x0000007fd8000000] [id=3164]
  0x0000027b88e09000 ConcurrentGCThread "G1 Conc#0" [stack: 0x0000007fd8000000,0x0000007fd8100000] [id=5144]
  0x0000027b88e61000 ConcurrentGCThread "G1 Refine#0" [stack: 0x0000007fd8100000,0x0000007fd8200000] [id=2420]
  0x0000027b88e62000 ConcurrentGCThread "G1 Young RemSet Sampling" [stack: 0x0000007fd8200000,0x0000007fd8300000] [id=2388]

Threads with active compile tasks:
C2 CompilerThread0  30295 8785       4       java.net.URLClassLoader::isSealed (70 bytes)

VM state:at safepoint (normal execution)

VM Mutex/Monitor currently owned by a thread:  ([mutex/lock_event])
[0x0000027b88db78e0] Threads_lock - owner thread: 0x0000027ba3137000
[0x0000027b88db7a90] Heap_lock - owner thread: 0x0000027ba5fc6000

Heap address: 0x0000000080000000, size: 2048 MB, Compressed Oops mode: 32-bit
Narrow klass base: 0x0000000000000000, Narrow klass shift: 3
Compressed class space size: 1073741824 Address: 0x0000000100000000

Heap:
 garbage-first heap   total 254976K, used 135480K [0x0000000080000000, 0x0000000100000000)
  region size 1024K, 2 young (2048K), 2 survivors (2048K)
 Metaspace       used 87817K, capacity 90077K, committed 90240K, reserved 1128448K
  class space    used 11346K, capacity 12153K, committed 12160K, reserved 1048576K
Heap Regions: E=young(eden), S=young(survivor), O=old, HS=humongous(starts), HC=humongous(continues), CS=collection set, F=free, A=archive, TAMS=top-at-mark-start (previous, next)
|   0|0x0000000080000000, 0x0000000080100000, 0x0000000080100000|100%| O|  |TAMS 0x0000000080100000, 0x0000000080000000| Untracked 
|   1|0x0000000080100000, 0x0000000080200000, 0x0000000080200000|100%| O|  |TAMS 0x0000000080200000, 0x0000000080100000| Untracked 
|   2|0x0000000080200000, 0x0000000080300000, 0x0000000080300000|100%| O|  |TAMS 0x0000000080300000, 0x0000000080200000| Untracked 
|   3|0x0000000080300000, 0x0000000080400000, 0x0000000080400000|100%|HS|  |TAMS 0x0000000080400000, 0x0000000080300000| Complete 
|   4|0x0000000080400000, 0x0000000080500000, 0x0000000080500000|100%|HC|  |TAMS 0x0000000080500000, 0x0000000080400000| Complete 
|   5|0x0000000080500000, 0x0000000080600000, 0x0000000080600000|100%|HC|  |TAMS 0x0000000080600000, 0x0000000080500000| Complete 
|   6|0x0000000080600000, 0x0000000080700000, 0x0000000080700000|100%| O|  |TAMS 0x0000000080700000, 0x0000000080600000| Untracked 
|   7|0x0000000080700000, 0x0000000080800000, 0x0000000080800000|100%| O|  |TAMS 0x0000000080800000, 0x0000000080700000| Untracked 
|   8|0x0000000080800000, 0x0000000080900000, 0x0000000080900000|100%| O|  |TAMS 0x0000000080900000, 0x0000000080800000| Untracked 
|   9|0x0000000080900000, 0x0000000080a00000, 0x0000000080a00000|100%| O|  |TAMS 0x0000000080a00000, 0x0000000080900000| Untracked 
|  10|0x0000000080a00000, 0x0000000080b00000, 0x0000000080b00000|100%| O|  |TAMS 0x0000000080b00000, 0x0000000080a00000| Untracked 
|  11|0x0000000080b00000, 0x0000000080c00000, 0x0000000080c00000|100%| O|  |TAMS 0x0000000080c00000, 0x0000000080b00000| Untracked 
|  12|0x0000000080c00000, 0x0000000080d00000, 0x0000000080d00000|100%| O|  |TAMS 0x0000000080d00000, 0x0000000080c00000| Untracked 
|  13|0x0000000080d00000, 0x0000000080e00000, 0x0000000080e00000|100%| O|  |TAMS 0x0000000080e00000, 0x0000000080d00000| Untracked 
|  14|0x0000000080e00000, 0x0000000080f00000, 0x0000000080f00000|100%| O|  |TAMS 0x0000000080f00000, 0x0000000080e00000| Untracked 
|  15|0x0000000080f00000, 0x0000000081000000, 0x0000000081000000|100%| O|  |TAMS 0x0000000081000000, 0x0000000080f00000| Untracked 
|  16|0x0000000081000000, 0x0000000081100000, 0x0000000081100000|100%| O|  |TAMS 0x0000000081100000, 0x0000000081000000| Untracked 
|  17|0x0000000081100000, 0x0000000081200000, 0x0000000081200000|100%|HS|  |TAMS 0x0000000081200000, 0x0000000081100000| Complete 
|  18|0x0000000081200000, 0x0000000081300000, 0x0000000081300000|100%|HC|  |TAMS 0x0000000081300000, 0x0000000081200000| Complete 
|  19|0x0000000081300000, 0x0000000081400000, 0x0000000081400000|100%|HS|  |TAMS 0x0000000081400000, 0x0000000081300000| Complete 
|  20|0x0000000081400000, 0x0000000081500000, 0x0000000081500000|100%|HC|  |TAMS 0x0000000081500000, 0x0000000081400000| Complete 
|  21|0x0000000081500000, 0x0000000081600000, 0x0000000081600000|100%|HC|  |TAMS 0x0000000081600000, 0x0000000081500000| Complete 
|  22|0x0000000081600000, 0x0000000081700000, 0x0000000081700000|100%|HS|  |TAMS 0x0000000081700000, 0x0000000081600000| Complete 
|  23|0x0000000081700000, 0x0000000081800000, 0x0000000081800000|100%|HC|  |TAMS 0x0000000081800000, 0x0000000081700000| Complete 
|  24|0x0000000081800000, 0x0000000081900000, 0x0000000081900000|100%|HC|  |TAMS 0x0000000081900000, 0x0000000081800000| Complete 
|  25|0x0000000081900000, 0x0000000081a00000, 0x0000000081a00000|100%|HS|  |TAMS 0x0000000081a00000, 0x0000000081900000| Complete 
|  26|0x0000000081a00000, 0x0000000081b00000, 0x0000000081b00000|100%|HC|  |TAMS 0x0000000081b00000, 0x0000000081a00000| Complete 
|  27|0x0000000081b00000, 0x0000000081c00000, 0x0000000081c00000|100%|HC|  |TAMS 0x0000000081c00000, 0x0000000081b00000| Complete 
|  28|0x0000000081c00000, 0x0000000081d00000, 0x0000000081d00000|100%|HC|  |TAMS 0x0000000081d00000, 0x0000000081c00000| Complete 
|  29|0x0000000081d00000, 0x0000000081e00000, 0x0000000081e00000|100%|HS|  |TAMS 0x0000000081e00000, 0x0000000081d00000| Complete 
|  30|0x0000000081e00000, 0x0000000081f00000, 0x0000000081f00000|100%|HC|  |TAMS 0x0000000081f00000, 0x0000000081e00000| Complete 
|  31|0x0000000081f00000, 0x0000000082000000, 0x0000000082000000|100%|HC|  |TAMS 0x0000000082000000, 0x0000000081f00000| Complete 
|  32|0x0000000082000000, 0x0000000082100000, 0x0000000082100000|100%|HC|  |TAMS 0x0000000082100000, 0x0000000082000000| Complete 
|  33|0x0000000082100000, 0x0000000082200000, 0x0000000082200000|100%|HC|  |TAMS 0x0000000082200000, 0x0000000082100000| Complete 
|  34|0x0000000082200000, 0x0000000082300000, 0x0000000082300000|100%| O|  |TAMS 0x0000000082300000, 0x0000000082200000| Untracked 
|  35|0x0000000082300000, 0x0000000082400000, 0x0000000082400000|100%| O|  |TAMS 0x0000000082400000, 0x0000000082300000| Untracked 
|  36|0x0000000082400000, 0x0000000082500000, 0x0000000082500000|100%|HS|  |TAMS 0x0000000082500000, 0x0000000082400000| Complete 
|  37|0x0000000082500000, 0x0000000082600000, 0x0000000082600000|100%| O|  |TAMS 0x0000000082600000, 0x0000000082500000| Untracked 
|  38|0x0000000082600000, 0x0000000082700000, 0x0000000082700000|100%| O|  |TAMS 0x0000000082700000, 0x0000000082600000| Untracked 
|  39|0x0000000082700000, 0x0000000082800000, 0x0000000082800000|100%| O|  |TAMS 0x0000000082800000, 0x0000000082700000| Untracked 
|  40|0x0000000082800000, 0x0000000082900000, 0x0000000082900000|100%| O|  |TAMS 0x0000000082900000, 0x0000000082800000| Untracked 
|  41|0x0000000082900000, 0x0000000082a00000, 0x0000000082a00000|100%| O|  |TAMS 0x0000000082a00000, 0x0000000082900000| Untracked 
|  42|0x0000000082a00000, 0x0000000082b00000, 0x0000000082b00000|100%| O|  |TAMS 0x0000000082b00000, 0x0000000082a00000| Untracked 
|  43|0x0000000082b00000, 0x0000000082c00000, 0x0000000082c00000|100%| O|  |TAMS 0x0000000082c00000, 0x0000000082b00000| Untracked 
|  44|0x0000000082c00000, 0x0000000082d00000, 0x0000000082d00000|100%| O|  |TAMS 0x0000000082d00000, 0x0000000082c00000| Untracked 
|  45|0x0000000082d00000, 0x0000000082e00000, 0x0000000082e00000|100%| O|  |TAMS 0x0000000082e00000, 0x0000000082d00000| Untracked 
|  46|0x0000000082e00000, 0x0000000082f00000, 0x0000000082f00000|100%| O|  |TAMS 0x0000000082f00000, 0x0000000082e00000| Untracked 
|  47|0x0000000082f00000, 0x0000000083000000, 0x0000000083000000|100%| O|  |TAMS 0x0000000083000000, 0x0000000082f00000| Untracked 
|  48|0x0000000083000000, 0x0000000083100000, 0x0000000083100000|100%| O|  |TAMS 0x0000000083100000, 0x0000000083000000| Untracked 
|  49|0x0000000083100000, 0x0000000083200000, 0x0000000083200000|100%| O|  |TAMS 0x0000000083200000, 0x0000000083100000| Untracked 
|  50|0x0000000083200000, 0x0000000083300000, 0x0000000083300000|100%|HS|  |TAMS 0x0000000083300000, 0x0000000083200000| Complete 
|  51|0x0000000083300000, 0x0000000083400000, 0x0000000083400000|100%|HC|  |TAMS 0x0000000083400000, 0x0000000083300000| Complete 
|  52|0x0000000083400000, 0x0000000083500000, 0x0000000083500000|100%|HC|  |TAMS 0x0000000083500000, 0x0000000083400000| Complete 
|  53|0x0000000083500000, 0x0000000083600000, 0x0000000083600000|100%|HC|  |TAMS 0x0000000083600000, 0x0000000083500000| Complete 
|  54|0x0000000083600000, 0x0000000083700000, 0x0000000083700000|100%|HS|  |TAMS 0x0000000083700000, 0x0000000083600000| Complete 
|  55|0x0000000083700000, 0x0000000083800000, 0x0000000083800000|100%|HC|  |TAMS 0x0000000083800000, 0x0000000083700000| Complete 
|  56|0x0000000083800000, 0x0000000083900000, 0x0000000083900000|100%|HC|  |TAMS 0x0000000083900000, 0x0000000083800000| Complete 
|  57|0x0000000083900000, 0x0000000083a00000, 0x0000000083a00000|100%|HS|  |TAMS 0x0000000083a00000, 0x0000000083900000| Complete 
|  58|0x0000000083a00000, 0x0000000083b00000, 0x0000000083b00000|100%|HC|  |TAMS 0x0000000083b00000, 0x0000000083a00000| Complete 
|  59|0x0000000083b00000, 0x0000000083c00000, 0x0000000083c00000|100%|HS|  |TAMS 0x0000000083c00000, 0x0000000083b00000| Complete 
|  60|0x0000000083c00000, 0x0000000083d00000, 0x0000000083d00000|100%|HC|  |TAMS 0x0000000083d00000, 0x0000000083c00000| Complete 
|  61|0x0000000083d00000, 0x0000000083e00000, 0x0000000083e00000|100%|HC|  |TAMS 0x0000000083e00000, 0x0000000083d00000| Complete 
|  62|0x0000000083e00000, 0x0000000083f00000, 0x0000000083f00000|100%| O|  |TAMS 0x0000000083f00000, 0x0000000083e00000| Untracked 
|  63|0x0000000083f00000, 0x0000000084000000, 0x0000000084000000|100%| O|  |TAMS 0x0000000084000000, 0x0000000083f00000| Untracked 
|  64|0x0000000084000000, 0x0000000084100000, 0x0000000084100000|100%| O|  |TAMS 0x0000000084100000, 0x0000000084000000| Untracked 
|  65|0x0000000084100000, 0x0000000084200000, 0x0000000084200000|100%| O|  |TAMS 0x0000000084200000, 0x0000000084100000| Untracked 
|  66|0x0000000084200000, 0x0000000084300000, 0x0000000084300000|100%| O|  |TAMS 0x0000000084300000, 0x0000000084200000| Untracked 
|  67|0x0000000084300000, 0x0000000084400000, 0x0000000084400000|100%| O|  |TAMS 0x0000000084400000, 0x0000000084300000| Untracked 
|  68|0x0000000084400000, 0x0000000084500000, 0x0000000084500000|100%| O|  |TAMS 0x0000000084500000, 0x0000000084400000| Untracked 
|  69|0x0000000084500000, 0x0000000084600000, 0x0000000084600000|100%| O|  |TAMS 0x0000000084600000, 0x0000000084500000| Untracked 
|  70|0x0000000084600000, 0x0000000084700000, 0x0000000084700000|100%|HS|  |TAMS 0x0000000084700000, 0x0000000084600000| Complete 
|  71|0x0000000084700000, 0x0000000084800000, 0x0000000084800000|100%|HC|  |TAMS 0x0000000084800000, 0x0000000084700000| Complete 
|  72|0x0000000084800000, 0x0000000084900000, 0x0000000084900000|100%|HC|  |TAMS 0x0000000084900000, 0x0000000084800000| Complete 
|  73|0x0000000084900000, 0x0000000084a00000, 0x0000000084a00000|100%|HC|  |TAMS 0x0000000084a00000, 0x0000000084900000| Complete 
|  74|0x0000000084a00000, 0x0000000084b00000, 0x0000000084b00000|100%|HC|  |TAMS 0x0000000084b00000, 0x0000000084a00000| Complete 
|  75|0x0000000084b00000, 0x0000000084c00000, 0x0000000084c00000|100%| O|  |TAMS 0x0000000084c00000, 0x0000000084b00000| Untracked 
|  76|0x0000000084c00000, 0x0000000084d00000, 0x0000000084d00000|100%| O|  |TAMS 0x0000000084d00000, 0x0000000084c00000| Untracked 
|  77|0x0000000084d00000, 0x0000000084e00000, 0x0000000084e00000|100%| O|  |TAMS 0x0000000084e00000, 0x0000000084d00000| Untracked 
|  78|0x0000000084e00000, 0x0000000084f00000, 0x0000000084f00000|100%| O|  |TAMS 0x0000000084f00000, 0x0000000084e00000| Untracked 
|  79|0x0000000084f00000, 0x0000000085000000, 0x0000000085000000|100%| O|  |TAMS 0x0000000085000000, 0x0000000084f00000| Untracked 
|  80|0x0000000085000000, 0x0000000085100000, 0x0000000085100000|100%|HS|  |TAMS 0x0000000085100000, 0x0000000085000000| Complete 
|  81|0x0000000085100000, 0x0000000085200000, 0x0000000085200000|100%|HS|  |TAMS 0x0000000085200000, 0x0000000085100000| Complete 
|  82|0x0000000085200000, 0x0000000085300000, 0x0000000085300000|100%| O|  |TAMS 0x0000000085300000, 0x0000000085200000| Untracked 
|  83|0x0000000085300000, 0x0000000085400000, 0x0000000085400000|100%|HS|  |TAMS 0x0000000085400000, 0x0000000085300000| Complete 
|  84|0x0000000085400000, 0x0000000085500000, 0x0000000085500000|100%|HC|  |TAMS 0x0000000085500000, 0x0000000085400000| Complete 
|  85|0x0000000085500000, 0x0000000085600000, 0x0000000085600000|100%| O|  |TAMS 0x0000000085600000, 0x0000000085500000| Untracked 
|  86|0x0000000085600000, 0x0000000085700000, 0x0000000085700000|100%| O|  |TAMS 0x0000000085700000, 0x0000000085600000| Untracked 
|  87|0x0000000085700000, 0x0000000085800000, 0x0000000085800000|100%| O|  |TAMS 0x0000000085800000, 0x0000000085700000| Untracked 
|  88|0x0000000085800000, 0x0000000085900000, 0x0000000085900000|100%| O|  |TAMS 0x0000000085900000, 0x0000000085800000| Untracked 
|  89|0x0000000085900000, 0x0000000085a00000, 0x0000000085a00000|100%| O|  |TAMS 0x0000000085a00000, 0x0000000085900000| Untracked 
|  90|0x0000000085a00000, 0x0000000085b00000, 0x0000000085b00000|100%| O|  |TAMS 0x0000000085b00000, 0x0000000085a00000| Untracked 
|  91|0x0000000085b00000, 0x0000000085c00000, 0x0000000085c00000|100%| O|  |TAMS 0x0000000085c00000, 0x0000000085b00000| Untracked 
|  92|0x0000000085c00000, 0x0000000085d00000, 0x0000000085d00000|100%| O|  |TAMS 0x0000000085d00000, 0x0000000085c00000| Untracked 
|  93|0x0000000085d00000, 0x0000000085e00000, 0x0000000085e00000|100%| O|  |TAMS 0x0000000085e00000, 0x0000000085d00000| Untracked 
|  94|0x0000000085e00000, 0x0000000085f00000, 0x0000000085f00000|100%| O|  |TAMS 0x0000000085f00000, 0x0000000085e00000| Untracked 
|  95|0x0000000085f00000, 0x0000000086000000, 0x0000000086000000|100%| O|  |TAMS 0x0000000086000000, 0x0000000085f00000| Untracked 
|  96|0x0000000086000000, 0x0000000086100000, 0x0000000086100000|100%| O|  |TAMS 0x0000000086100000, 0x0000000086000000| Untracked 
|  97|0x0000000086100000, 0x0000000086200000, 0x0000000086200000|100%| O|  |TAMS 0x0000000086200000, 0x0000000086100000| Untracked 
|  98|0x0000000086200000, 0x0000000086300000, 0x0000000086300000|100%| O|  |TAMS 0x0000000086300000, 0x0000000086200000| Untracked 
|  99|0x0000000086300000, 0x0000000086400000, 0x0000000086400000|100%|HS|  |TAMS 0x0000000086400000, 0x0000000086300000| Complete 
| 100|0x0000000086400000, 0x0000000086500000, 0x0000000086500000|100%|HC|  |TAMS 0x0000000086500000, 0x0000000086400000| Complete 
| 101|0x0000000086500000, 0x0000000086600000, 0x0000000086600000|100%|HS|  |TAMS 0x0000000086600000, 0x0000000086500000| Complete 
| 102|0x0000000086600000, 0x0000000086700000, 0x0000000086700000|100%|HC|  |TAMS 0x0000000086700000, 0x0000000086600000| Complete 
| 103|0x0000000086700000, 0x0000000086800000, 0x0000000086800000|100%|HC|  |TAMS 0x0000000086800000, 0x0000000086700000| Complete 
| 104|0x0000000086800000, 0x0000000086900000, 0x0000000086900000|100%|HS|  |TAMS 0x0000000086900000, 0x0000000086800000| Complete 
| 105|0x0000000086900000, 0x0000000086a00000, 0x0000000086a00000|100%|HC|  |TAMS 0x0000000086a00000, 0x0000000086900000| Complete 
| 106|0x0000000086a00000, 0x0000000086b00000, 0x0000000086b00000|100%|HC|  |TAMS 0x0000000086b00000, 0x0000000086a00000| Complete 
| 107|0x0000000086b00000, 0x0000000086c00000, 0x0000000086c00000|100%|HS|  |TAMS 0x0000000086c00000, 0x0000000086b00000| Complete 
| 108|0x0000000086c00000, 0x0000000086d00000, 0x0000000086d00000|100%|HC|  |TAMS 0x0000000086d00000, 0x0000000086c00000| Complete 
| 109|0x0000000086d00000, 0x0000000086e00000, 0x0000000086e00000|100%|HC|  |TAMS 0x0000000086e00000, 0x0000000086d00000| Complete 
| 110|0x0000000086e00000, 0x0000000086f00000, 0x0000000086f00000|100%|HC|  |TAMS 0x0000000086f00000, 0x0000000086e00000| Complete 
| 111|0x0000000086f00000, 0x0000000087000000, 0x0000000087000000|100%|HS|  |TAMS 0x0000000087000000, 0x0000000086f00000| Complete 
| 112|0x0000000087000000, 0x0000000087100000, 0x0000000087100000|100%|HC|  |TAMS 0x0000000087100000, 0x0000000087000000| Complete 
| 113|0x0000000087100000, 0x0000000087200000, 0x0000000087200000|100%|HC|  |TAMS 0x0000000087200000, 0x0000000087100000| Complete 
| 114|0x0000000087200000, 0x0000000087300000, 0x0000000087300000|100%|HC|  |TAMS 0x0000000087300000, 0x0000000087200000| Complete 
| 115|0x0000000087300000, 0x0000000087400000, 0x0000000087400000|100%|HC|  |TAMS 0x0000000087400000, 0x0000000087300000| Complete 
| 116|0x0000000087400000, 0x0000000087500000, 0x0000000087500000|100%|HS|  |TAMS 0x0000000087500000, 0x0000000087400000| Complete 
| 117|0x0000000087500000, 0x0000000087600000, 0x0000000087600000|100%| O|  |TAMS 0x0000000087600000, 0x0000000087500000| Untracked 
| 118|0x0000000087600000, 0x0000000087700000, 0x0000000087700000|100%| O|  |TAMS 0x0000000087700000, 0x0000000087600000| Untracked 
| 119|0x0000000087700000, 0x0000000087800000, 0x0000000087800000|100%| O|  |TAMS 0x0000000087800000, 0x0000000087700000| Untracked 
| 120|0x0000000087800000, 0x0000000087900000, 0x0000000087900000|100%| O|  |TAMS 0x0000000087900000, 0x0000000087800000| Untracked 
| 121|0x0000000087900000, 0x0000000087a00000, 0x0000000087a00000|100%| O|  |TAMS 0x0000000087a00000, 0x0000000087900000| Untracked 
| 122|0x0000000087a00000, 0x0000000087b00000, 0x0000000087b00000|100%| O|  |TAMS 0x0000000087b00000, 0x0000000087a00000| Untracked 
| 123|0x0000000087b00000, 0x0000000087c00000, 0x0000000087c00000|100%| O|  |TAMS 0x0000000087c00000, 0x0000000087b00000| Untracked 
| 124|0x0000000087c00000, 0x0000000087d00000, 0x0000000087d00000|100%| O|  |TAMS 0x0000000087d00000, 0x0000000087c00000| Untracked 
| 125|0x0000000087d00000, 0x0000000087e00000, 0x0000000087e00000|100%| O|  |TAMS 0x0000000087e00000, 0x0000000087d00000| Untracked 
| 126|0x0000000087e00000, 0x0000000087f00000, 0x0000000087f00000|100%| O|  |TAMS 0x0000000087f00000, 0x0000000087e00000| Untracked 
| 127|0x0000000087f00000, 0x0000000088000000, 0x0000000088000000|100%| O|  |TAMS 0x0000000088000000, 0x0000000087f00000| Untracked 
| 128|0x0000000088000000, 0x0000000088100000, 0x0000000088100000|100%| O|  |TAMS 0x0000000088100000, 0x0000000088000000| Untracked 
| 129|0x0000000088100000, 0x0000000088200000, 0x0000000088200000|100%| O|  |TAMS 0x0000000088200000, 0x0000000088100000| Untracked 
| 130|0x0000000088200000, 0x0000000088298a00, 0x0000000088300000| 59%| O|  |TAMS 0x0000000088298a00, 0x0000000088200000| Untracked 
| 131|0x0000000088300000, 0x0000000088300000, 0x0000000088400000|  0%| F|  |TAMS 0x0000000088300000, 0x0000000088300000| Untracked 
| 132|0x0000000088400000, 0x0000000088400000, 0x0000000088500000|  0%| F|  |TAMS 0x0000000088400000, 0x0000000088400000| Untracked 
| 133|0x0000000088500000, 0x0000000088500000, 0x0000000088600000|  0%| F|  |TAMS 0x0000000088500000, 0x0000000088500000| Untracked 
| 134|0x0000000088600000, 0x0000000088600000, 0x0000000088700000|  0%| F|  |TAMS 0x0000000088600000, 0x0000000088600000| Untracked 
| 135|0x0000000088700000, 0x0000000088700000, 0x0000000088800000|  0%| F|  |TAMS 0x0000000088700000, 0x0000000088700000| Untracked 
| 136|0x0000000088800000, 0x0000000088800000, 0x0000000088900000|  0%| F|  |TAMS 0x0000000088800000, 0x0000000088800000| Untracked 
| 137|0x0000000088900000, 0x0000000088900000, 0x0000000088a00000|  0%| F|  |TAMS 0x0000000088900000, 0x0000000088900000| Untracked 
| 138|0x0000000088a00000, 0x0000000088a00000, 0x0000000088b00000|  0%| F|  |TAMS 0x0000000088a00000, 0x0000000088a00000| Untracked 
| 139|0x0000000088b00000, 0x0000000088b00000, 0x0000000088c00000|  0%| F|  |TAMS 0x0000000088b00000, 0x0000000088b00000| Untracked 
| 140|0x0000000088c00000, 0x0000000088c00000, 0x0000000088d00000|  0%| F|  |TAMS 0x0000000088c00000, 0x0000000088c00000| Untracked 
| 141|0x0000000088d00000, 0x0000000088d00000, 0x0000000088e00000|  0%| F|  |TAMS 0x0000000088d00000, 0x0000000088d00000| Untracked 
| 142|0x0000000088e00000, 0x0000000088e00000, 0x0000000088f00000|  0%| F|  |TAMS 0x0000000088e00000, 0x0000000088e00000| Untracked 
| 143|0x0000000088f00000, 0x0000000088f00000, 0x0000000089000000|  0%| F|  |TAMS 0x0000000088f00000, 0x0000000088f00000| Untracked 
| 144|0x0000000089000000, 0x0000000089000000, 0x0000000089100000|  0%| F|  |TAMS 0x0000000089000000, 0x0000000089000000| Untracked 
| 145|0x0000000089100000, 0x0000000089100000, 0x0000000089200000|  0%| F|  |TAMS 0x0000000089100000, 0x0000000089100000| Untracked 
| 146|0x0000000089200000, 0x0000000089200000, 0x0000000089300000|  0%| F|  |TAMS 0x0000000089200000, 0x0000000089200000| Untracked 
| 147|0x0000000089300000, 0x0000000089300000, 0x0000000089400000|  0%| F|  |TAMS 0x0000000089300000, 0x0000000089300000| Untracked 
| 148|0x0000000089400000, 0x0000000089400000, 0x0000000089500000|  0%| F|  |TAMS 0x0000000089400000, 0x0000000089400000| Untracked 
| 149|0x0000000089500000, 0x0000000089500000, 0x0000000089600000|  0%| F|  |TAMS 0x0000000089500000, 0x0000000089500000| Untracked 
| 150|0x0000000089600000, 0x0000000089600000, 0x0000000089700000|  0%| F|  |TAMS 0x0000000089600000, 0x0000000089600000| Untracked 
| 151|0x0000000089700000, 0x0000000089700000, 0x0000000089800000|  0%| F|  |TAMS 0x0000000089700000, 0x0000000089700000| Untracked 
| 152|0x0000000089800000, 0x0000000089800000, 0x0000000089900000|  0%| F|  |TAMS 0x0000000089800000, 0x0000000089800000| Untracked 
| 153|0x0000000089900000, 0x0000000089900000, 0x0000000089a00000|  0%| F|  |TAMS 0x0000000089900000, 0x0000000089900000| Untracked 
| 154|0x0000000089a00000, 0x0000000089a00000, 0x0000000089b00000|  0%| F|  |TAMS 0x0000000089a00000, 0x0000000089a00000| Untracked 
| 155|0x0000000089b00000, 0x0000000089b00000, 0x0000000089c00000|  0%| F|  |TAMS 0x0000000089b00000, 0x0000000089b00000| Untracked 
| 156|0x0000000089c00000, 0x0000000089c00000, 0x0000000089d00000|  0%| F|  |TAMS 0x0000000089c00000, 0x0000000089c00000| Untracked 
| 157|0x0000000089d00000, 0x0000000089d00000, 0x0000000089e00000|  0%| F|  |TAMS 0x0000000089d00000, 0x0000000089d00000| Untracked 
| 158|0x0000000089e00000, 0x0000000089e00000, 0x0000000089f00000|  0%| F|  |TAMS 0x0000000089e00000, 0x0000000089e00000| Untracked 
| 159|0x0000000089f00000, 0x0000000089f00000, 0x000000008a000000|  0%| F|  |TAMS 0x0000000089f00000, 0x0000000089f00000| Untracked 
| 160|0x000000008a000000, 0x000000008a000000, 0x000000008a100000|  0%| F|  |TAMS 0x000000008a000000, 0x000000008a000000| Untracked 
| 161|0x000000008a100000, 0x000000008a100000, 0x000000008a200000|  0%| F|  |TAMS 0x000000008a100000, 0x000000008a100000| Untracked 
| 162|0x000000008a200000, 0x000000008a200000, 0x000000008a300000|  0%| F|  |TAMS 0x000000008a200000, 0x000000008a200000| Untracked 
| 163|0x000000008a300000, 0x000000008a300000, 0x000000008a400000|  0%| F|  |TAMS 0x000000008a300000, 0x000000008a300000| Untracked 
| 164|0x000000008a400000, 0x000000008a400000, 0x000000008a500000|  0%| F|  |TAMS 0x000000008a400000, 0x000000008a400000| Untracked 
| 165|0x000000008a500000, 0x000000008a5b5648, 0x000000008a600000| 70%| S|CS|TAMS 0x000000008a500000, 0x000000008a500000| Complete 
| 166|0x000000008a600000, 0x000000008a700000, 0x000000008a700000|100%| S|CS|TAMS 0x000000008a600000, 0x000000008a600000| Complete 
| 167|0x000000008a700000, 0x000000008a700000, 0x000000008a800000|  0%| F|  |TAMS 0x000000008a700000, 0x000000008a700000| Untracked 
| 168|0x000000008a800000, 0x000000008a800000, 0x000000008a900000|  0%| F|  |TAMS 0x000000008a800000, 0x000000008a800000| Untracked 
| 169|0x000000008a900000, 0x000000008a900000, 0x000000008aa00000|  0%| F|  |TAMS 0x000000008a900000, 0x000000008a900000| Untracked 
| 170|0x000000008aa00000, 0x000000008aa00000, 0x000000008ab00000|  0%| F|  |TAMS 0x000000008aa00000, 0x000000008aa00000| Untracked 
| 171|0x000000008ab00000, 0x000000008ab00000, 0x000000008ac00000|  0%| F|  |TAMS 0x000000008ab00000, 0x000000008ab00000| Untracked 
| 172|0x000000008ac00000, 0x000000008ac00000, 0x000000008ad00000|  0%| F|  |TAMS 0x000000008ac00000, 0x000000008ac00000| Untracked 
| 173|0x000000008ad00000, 0x000000008ad00000, 0x000000008ae00000|  0%| F|  |TAMS 0x000000008ad00000, 0x000000008ad00000| Untracked 
| 174|0x000000008ae00000, 0x000000008ae00000, 0x000000008af00000|  0%| F|  |TAMS 0x000000008ae00000, 0x000000008ae00000| Untracked 
| 175|0x000000008af00000, 0x000000008af00000, 0x000000008b000000|  0%| F|  |TAMS 0x000000008af00000, 0x000000008af00000| Untracked 
| 176|0x000000008b000000, 0x000000008b000000, 0x000000008b100000|  0%| F|  |TAMS 0x000000008b000000, 0x000000008b000000| Untracked 
| 177|0x000000008b100000, 0x000000008b100000, 0x000000008b200000|  0%| F|  |TAMS 0x000000008b100000, 0x000000008b100000| Untracked 
| 178|0x000000008b200000, 0x000000008b200000, 0x000000008b300000|  0%| F|  |TAMS 0x000000008b200000, 0x000000008b200000| Untracked 
| 179|0x000000008b300000, 0x000000008b300000, 0x000000008b400000|  0%| F|  |TAMS 0x000000008b300000, 0x000000008b300000| Untracked 
| 180|0x000000008b400000, 0x000000008b400000, 0x000000008b500000|  0%| F|  |TAMS 0x000000008b400000, 0x000000008b400000| Untracked 
| 181|0x000000008b500000, 0x000000008b500000, 0x000000008b600000|  0%| F|  |TAMS 0x000000008b500000, 0x000000008b500000| Untracked 
| 182|0x000000008b600000, 0x000000008b600000, 0x000000008b700000|  0%| F|  |TAMS 0x000000008b600000, 0x000000008b600000| Untracked 
| 183|0x000000008b700000, 0x000000008b700000, 0x000000008b800000|  0%| F|  |TAMS 0x000000008b700000, 0x000000008b700000| Untracked 
| 184|0x000000008b800000, 0x000000008b800000, 0x000000008b900000|  0%| F|  |TAMS 0x000000008b800000, 0x000000008b800000| Untracked 
| 185|0x000000008b900000, 0x000000008b900000, 0x000000008ba00000|  0%| F|  |TAMS 0x000000008b900000, 0x000000008b900000| Untracked 
| 186|0x000000008ba00000, 0x000000008ba00000, 0x000000008bb00000|  0%| F|  |TAMS 0x000000008ba00000, 0x000000008ba00000| Untracked 
| 187|0x000000008bb00000, 0x000000008bb00000, 0x000000008bc00000|  0%| F|  |TAMS 0x000000008bb00000, 0x000000008bb00000| Untracked 
| 188|0x000000008bc00000, 0x000000008bc00000, 0x000000008bd00000|  0%| F|  |TAMS 0x000000008bc00000, 0x000000008bc00000| Untracked 
| 189|0x000000008bd00000, 0x000000008bd00000, 0x000000008be00000|  0%| F|  |TAMS 0x000000008bd00000, 0x000000008bd00000| Untracked 
| 190|0x000000008be00000, 0x000000008be00000, 0x000000008bf00000|  0%| F|  |TAMS 0x000000008be00000, 0x000000008be00000| Untracked 
| 191|0x000000008bf00000, 0x000000008bf00000, 0x000000008c000000|  0%| F|  |TAMS 0x000000008bf00000, 0x000000008bf00000| Untracked 
| 192|0x000000008c000000, 0x000000008c000000, 0x000000008c100000|  0%| F|  |TAMS 0x000000008c000000, 0x000000008c000000| Untracked 
| 193|0x000000008c100000, 0x000000008c100000, 0x000000008c200000|  0%| F|  |TAMS 0x000000008c100000, 0x000000008c100000| Untracked 
| 194|0x000000008c200000, 0x000000008c200000, 0x000000008c300000|  0%| F|  |TAMS 0x000000008c200000, 0x000000008c200000| Untracked 
| 195|0x000000008c300000, 0x000000008c300000, 0x000000008c400000|  0%| F|  |TAMS 0x000000008c300000, 0x000000008c300000| Untracked 
| 196|0x000000008c400000, 0x000000008c400000, 0x000000008c500000|  0%| F|  |TAMS 0x000000008c400000, 0x000000008c400000| Untracked 
| 197|0x000000008c500000, 0x000000008c500000, 0x000000008c600000|  0%| F|  |TAMS 0x000000008c500000, 0x000000008c500000| Untracked 
| 198|0x000000008c600000, 0x000000008c600000, 0x000000008c700000|  0%| F|  |TAMS 0x000000008c600000, 0x000000008c600000| Untracked 
| 199|0x000000008c700000, 0x000000008c700000, 0x000000008c800000|  0%| F|  |TAMS 0x000000008c700000, 0x000000008c700000| Untracked 
| 200|0x000000008c800000, 0x000000008c800000, 0x000000008c900000|  0%| F|  |TAMS 0x000000008c800000, 0x000000008c800000| Untracked 
| 201|0x000000008c900000, 0x000000008c900000, 0x000000008ca00000|  0%| F|  |TAMS 0x000000008c900000, 0x000000008c900000| Untracked 
| 202|0x000000008ca00000, 0x000000008ca00000, 0x000000008cb00000|  0%| F|  |TAMS 0x000000008ca00000, 0x000000008ca00000| Untracked 
| 203|0x000000008cb00000, 0x000000008cb00000, 0x000000008cc00000|  0%| F|  |TAMS 0x000000008cb00000, 0x000000008cb00000| Untracked 
| 204|0x000000008cc00000, 0x000000008cc00000, 0x000000008cd00000|  0%| F|  |TAMS 0x000000008cc00000, 0x000000008cc00000| Untracked 
| 205|0x000000008cd00000, 0x000000008cd00000, 0x000000008ce00000|  0%| F|  |TAMS 0x000000008cd00000, 0x000000008cd00000| Untracked 
| 206|0x000000008ce00000, 0x000000008ce00000, 0x000000008cf00000|  0%| F|  |TAMS 0x000000008ce00000, 0x000000008ce00000| Untracked 

Card table byte_map: [0x0000027b9c330000,0x0000027b9c730000] _byte_map_base: 0x0000027b9bf30000

Marking Bits (Prev, Next): (CMBitMap*) 0x0000027b88dfed98, (CMBitMap*) 0x0000027b88dfedd0
 Prev Bits: [0x0000027b9cb30000, 0x0000027b9eb30000)
 Next Bits: [0x0000027b9eb30000, 0x0000027ba0b30000)

Polling page: 0x0000027b88ea0000

Metaspace:

Usage:
  Non-class:     76.10 MB capacity,    74.68 MB ( 98%) used,     1.19 MB (  2%) free+waste,   232.81 KB ( <1%) overhead. 
      Class:     11.87 MB capacity,    11.08 MB ( 93%) used,   698.51 KB (  6%) free+waste,   108.25 KB ( <1%) overhead. 
       Both:     87.97 MB capacity,    85.76 MB ( 97%) used,     1.87 MB (  2%) free+waste,   341.06 KB ( <1%) overhead. 

Virtual space:
  Non-class space:       78.00 MB reserved,      76.25 MB ( 98%) committed 
      Class space:        1.00 GB reserved,      11.88 MB (  1%) committed 
             Both:        1.08 GB reserved,      88.13 MB (  8%) committed 

Chunk freelists:
   Non-Class:  28.00 KB
       Class:  7.00 KB
        Both:  35.00 KB

MaxMetaspaceSize: 17179869184.00 GB
CompressedClassSpaceSize: 1.00 GB
Initial GC threshold: 20.80 MB
Current GC threshold: 141.25 MB
CDS: off

CodeHeap 'non-profiled nmethods': size=120064Kb used=4008Kb max_used=4008Kb free=116055Kb
 bounds [0x0000027b943c0000, 0x0000027b947b0000, 0x0000027b9b900000]
CodeHeap 'profiled nmethods': size=120000Kb used=17321Kb max_used=17321Kb free=102679Kb
 bounds [0x0000027b8ce90000, 0x0000027b8df80000, 0x0000027b943c0000]
CodeHeap 'non-nmethods': size=5696Kb used=2373Kb max_used=2408Kb free=3322Kb
 bounds [0x0000027b8c900000, 0x0000027b8cb70000, 0x0000027b8ce90000]
 total_blobs=9613 nmethods=8717 adapters=808
 compilation: enabled
              stopped_count=0, restarted_count=0
 full_count=0

Compilation events (20 events):
Event: 30.211 Thread 0x0000027ba31b0000 8928       2       com.sun.xml.bind.v2.model.annotation.RuntimeInlineAnnotationReader::getMethodAnnotation (11 bytes)
Event: 30.212 Thread 0x0000027ba31b0000 nmethod 8928 0x0000027b8df74890 code [0x0000027b8df74aa0, 0x0000027b8df74e98]
Event: 30.212 Thread 0x0000027ba31b0000 8929       2       com.sun.xml.bind.v2.model.annotation.RuntimeInlineAnnotationReader::getMethodAnnotation (10 bytes)
Event: 30.213 Thread 0x0000027ba31b0000 nmethod 8929 0x0000027b8df75110 code [0x0000027b8df75320, 0x0000027b8df756d8]
Event: 30.213 Thread 0x0000027ba31b0000 8931       2       com.sun.xml.bind.v2.model.impl.ElementPropertyInfoImpl::getTypes (469 bytes)
Event: 30.217 Thread 0x0000027ba31b0000 nmethod 8931 0x0000027b8df75910 code [0x0000027b8df75de0, 0x0000027b8df77a68]
Event: 30.217 Thread 0x0000027ba31b0000 8930       2       com.sun.xml.bind.v2.model.impl.RuntimeElementPropertyInfoImpl::getTypes (5 bytes)
Event: 30.218 Thread 0x0000027ba31b0000 nmethod 8930 0x0000027b8df78a10 code [0x0000027b8df78bc0, 0x0000027b8df78cc8]
Event: 30.218 Thread 0x0000027ba31b0000 8933       2       com.sun.xml.bind.v2.model.impl.ModelBuilder::getTypeInfo (116 bytes)
Event: 30.219 Thread 0x0000027ba31b0000 nmethod 8933 0x0000027b8df78d90 code [0x0000027b8df78fe0, 0x0000027b8df79518]
Event: 30.219 Thread 0x0000027ba31b0000 8932       2       com.sun.xml.bind.v2.model.impl.ElementPropertyInfoImpl::kind (4 bytes)
Event: 30.219 Thread 0x0000027ba31b0000 nmethod 8932 0x0000027b8df79810 code [0x0000027b8df799c0, 0x0000027b8df79ab8]
Event: 30.219 Thread 0x0000027ba31b0000 8934       2       com.sun.xml.bind.v2.model.impl.RuntimeTypeInfoSetImpl::getTypeInfo (9 bytes)
Event: 30.219 Thread 0x0000027ba31b0000 nmethod 8934 0x0000027b8df79b90 code [0x0000027b8df79d60, 0x0000027b8df79f08]
Event: 30.219 Thread 0x0000027ba31b0000 8935       2       com.sun.xml.bind.v2.model.impl.RuntimeTypeInfoSetImpl::getTypeInfo (9 bytes)
Event: 30.219 Thread 0x0000027ba31b0000 nmethod 8935 0x0000027b8df7a010 code [0x0000027b8df7a1c0, 0x0000027b8df7a328]
Event: 30.243 Thread 0x0000027ba31b0000 8936       1       com.sun.xml.bind.v2.model.impl.ElementPropertyInfoImpl::isValueList (5 bytes)
Event: 30.243 Thread 0x0000027ba31b0000 nmethod 8936 0x0000027b947a9a90 code [0x0000027b947a9c40, 0x0000027b947a9cf8]
Event: 30.243 Thread 0x0000027ba31b0000 8937       1       com.sun.xml.bind.v2.model.impl.ElementPropertyInfoImpl::ref (5 bytes)
Event: 30.243 Thread 0x0000027ba31b0000 nmethod 8937 0x0000027b947a9d90 code [0x0000027b947a9f40, 0x0000027b947a9ff8]

GC Heap History (20 events):
Event: 19.071 GC heap after
{Heap after GC invocations=35 (full 0):
 garbage-first heap   total 176128K, used 84070K [0x0000000080000000, 0x0000000100000000)
  region size 1024K, 3 young (3072K), 3 survivors (3072K)
 Metaspace       used 56527K, capacity 58164K, committed 58368K, reserved 1099776K
  class space    used 7245K, capacity 7840K, committed 7936K, reserved 1048576K
}
Event: 19.414 GC heap before
{Heap before GC invocations=36 (full 0):
 garbage-first heap   total 176128K, used 92262K [0x0000000080000000, 0x0000000100000000)
  region size 1024K, 10 young (10240K), 3 survivors (3072K)
 Metaspace       used 56523K, capacity 58147K, committed 58368K, reserved 1099776K
  class space    used 7240K, capacity 7834K, committed 7936K, reserved 1048576K
}
Event: 19.431 GC heap after
{Heap after GC invocations=37 (full 0):
 garbage-first heap   total 176128K, used 90429K [0x0000000080000000, 0x0000000100000000)
  region size 1024K, 6 young (6144K), 6 survivors (6144K)
 Metaspace       used 56523K, capacity 58147K, committed 58368K, reserved 1099776K
  class space    used 7240K, capacity 7834K, committed 7936K, reserved 1048576K
}
Event: 20.836 GC heap before
{Heap before GC invocations=38 (full 0):
 garbage-first heap   total 176128K, used 134461K [0x0000000080000000, 0x0000000100000000)
  region size 1024K, 47 young (48128K), 6 survivors (6144K)
 Metaspace       used 59464K, capacity 61152K, committed 61312K, reserved 1101824K
  class space    used 7603K, capacity 8217K, committed 8320K, reserved 1048576K
}
Event: 20.849 GC heap after
{Heap after GC invocations=39 (full 0):
 garbage-first heap   total 176128K, used 94745K [0x0000000080000000, 0x0000000100000000)
  region size 1024K, 3 young (3072K), 3 survivors (3072K)
 Metaspace       used 59464K, capacity 61152K, committed 61312K, reserved 1101824K
  class space    used 7603K, capacity 8217K, committed 8320K, reserved 1048576K
}
Event: 22.479 GC heap before
{Heap before GC invocations=39 (full 0):
 garbage-first heap   total 176128K, used 135705K [0x0000000080000000, 0x0000000100000000)
  region size 1024K, 43 young (44032K), 3 survivors (3072K)
 Metaspace       used 65074K, capacity 66870K, committed 67072K, reserved 1107968K
  class space    used 8301K, capacity 8947K, committed 8960K, reserved 1048576K
}
Event: 22.490 GC heap after
{Heap after GC invocations=40 (full 0):
 garbage-first heap   total 176128K, used 96112K [0x0000000080000000, 0x0000000100000000)
  region size 1024K, 4 young (4096K), 4 survivors (4096K)
 Metaspace       used 65074K, capacity 66870K, committed 67072K, reserved 1107968K
  class space    used 8301K, capacity 8947K, committed 8960K, reserved 1048576K
}
Event: 23.599 GC heap before
{Heap before GC invocations=41 (full 0):
 garbage-first heap   total 176128K, used 137072K [0x0000000080000000, 0x0000000100000000)
  region size 1024K, 45 young (46080K), 4 survivors (4096K)
 Metaspace       used 70029K, capacity 71910K, committed 72064K, reserved 1112064K
  class space    used 8897K, capacity 9579K, committed 9600K, reserved 1048576K
}
Event: 23.620 GC heap after
{Heap after GC invocations=42 (full 0):
 garbage-first heap   total 176128K, used 99950K [0x0000000080000000, 0x0000000100000000)
  region size 1024K, 6 young (6144K), 6 survivors (6144K)
 Metaspace       used 70029K, capacity 71910K, committed 72064K, reserved 1112064K
  class space    used 8897K, capacity 9579K, committed 9600K, reserved 1048576K
}
Event: 24.262 GC heap before
{Heap before GC invocations=42 (full 0):
 garbage-first heap   total 176128K, used 123502K [0x0000000080000000, 0x0000000100000000)
  region size 1024K, 30 young (30720K), 6 survivors (6144K)
 Metaspace       used 71790K, capacity 73695K, committed 73856K, reserved 1114112K
  class space    used 9124K, capacity 9788K, committed 9856K, reserved 1048576K
}
Event: 24.280 GC heap after
{Heap after GC invocations=43 (full 0):
 garbage-first heap   total 211968K, used 101693K [0x0000000080000000, 0x0000000100000000)
  region size 1024K, 2 young (2048K), 2 survivors (2048K)
 Metaspace       used 71790K, capacity 73695K, committed 73856K, reserved 1114112K
  class space    used 9124K, capacity 9788K, committed 9856K, reserved 1048576K
}
Event: 26.059 GC heap before
{Heap before GC invocations=44 (full 0):
 garbage-first heap   total 211968K, used 156989K [0x0000000080000000, 0x0000000100000000)
  region size 1024K, 56 young (57344K), 2 survivors (2048K)
 Metaspace       used 74093K, capacity 76209K, committed 76288K, reserved 1116160K
  class space    used 9422K, capacity 10192K, committed 10240K, reserved 1048576K
}
Event: 26.076 GC heap after
{Heap after GC invocations=45 (full 0):
 garbage-first heap   total 211968K, used 104816K [0x0000000080000000, 0x0000000100000000)
  region size 1024K, 5 young (5120K), 5 survivors (5120K)
 Metaspace       used 74093K, capacity 76209K, committed 76288K, reserved 1116160K
  class space    used 9422K, capacity 10192K, committed 10240K, reserved 1048576K
}
Event: 27.319 GC heap before
{Heap before GC invocations=45 (full 0):
 garbage-first heap   total 211968K, used 152944K [0x0000000080000000, 0x0000000100000000)
  region size 1024K, 53 young (54272K), 5 survivors (5120K)
 Metaspace       used 79535K, capacity 81609K, committed 81792K, reserved 1120256K
  class space    used 10297K, capacity 11062K, committed 11136K, reserved 1048576K
}
Event: 27.340 GC heap after
{Heap after GC invocations=46 (full 0):
 garbage-first heap   total 211968K, used 107935K [0x0000000080000000, 0x0000000100000000)
  region size 1024K, 7 young (7168K), 7 survivors (7168K)
 Metaspace       used 79535K, capacity 81609K, committed 81792K, reserved 1120256K
  class space    used 10297K, capacity 11062K, committed 11136K, reserved 1048576K
}
Event: 28.751 GC heap before
{Heap before GC invocations=47 (full 0):
 garbage-first heap   total 211968K, used 182687K [0x0000000080000000, 0x0000000100000000)
  region size 1024K, 63 young (64512K), 7 survivors (7168K)
 Metaspace       used 81843K, capacity 84214K, committed 84480K, reserved 1122304K
  class space    used 10626K, capacity 11468K, committed 11520K, reserved 1048576K
}
Event: 28.787 GC heap after
{Heap after GC invocations=48 (full 0):
 garbage-first heap   total 211968K, used 133021K [0x0000000080000000, 0x0000000100000000)
  region size 1024K, 8 young (8192K), 8 survivors (8192K)
 Metaspace       used 81843K, capacity 84214K, committed 84480K, reserved 1122304K
  class space    used 10626K, capacity 11468K, committed 11520K, reserved 1048576K
}
Event: 29.161 GC heap before
{Heap before GC invocations=48 (full 0):
 garbage-first heap   total 211968K, used 164765K [0x0000000080000000, 0x0000000100000000)
  region size 1024K, 40 young (40960K), 8 survivors (8192K)
 Metaspace       used 83083K, capacity 85404K, committed 85632K, reserved 1124352K
  class space    used 10761K, capacity 11565K, committed 11648K, reserved 1048576K
}
Event: 29.182 GC heap after
{Heap after GC invocations=49 (full 0):
 garbage-first heap   total 211968K, used 134992K [0x0000000080000000, 0x0000000100000000)
  region size 1024K, 2 young (2048K), 2 survivors (2048K)
 Metaspace       used 83083K, capacity 85404K, committed 85632K, reserved 1124352K
  class space    used 10761K, capacity 11565K, committed 11648K, reserved 1048576K
}
Event: 30.244 GC heap before
{Heap before GC invocations=50 (full 0):
 garbage-first heap   total 211968K, used 174928K [0x0000000080000000, 0x0000000100000000)
  region size 1024K, 40 young (40960K), 2 survivors (2048K)
 Metaspace       used 87817K, capacity 90077K, committed 90240K, reserved 1128448K
  class space    used 11346K, capacity 12153K, committed 12160K, reserved 1048576K
}

Deoptimization events (20 events):
Event: 28.932 Thread 0x0000027ba5fc6000 DEOPT PACKING pc=0x0000027b8d37cfd6 sp=0x0000007fd95f89a0
Event: 28.932 Thread 0x0000027ba5fc6000 DEOPT UNPACKING pc=0x0000027b8c94a95e sp=0x0000007fd95f7ea8 mode 0
Event: 28.946 Thread 0x0000027ba5fc6000 DEOPT PACKING pc=0x0000027b8d37cfd6 sp=0x0000007fd95f7490
Event: 28.946 Thread 0x0000027ba5fc6000 DEOPT UNPACKING pc=0x0000027b8c94a95e sp=0x0000007fd95f6998 mode 0
Event: 28.961 Thread 0x0000027ba5fc6000 DEOPT PACKING pc=0x0000027b8d37cfd6 sp=0x0000007fd95f7300
Event: 28.961 Thread 0x0000027ba5fc6000 DEOPT UNPACKING pc=0x0000027b8c94a95e sp=0x0000007fd95f6808 mode 0
Event: 28.973 Thread 0x0000027ba5fc6000 DEOPT PACKING pc=0x0000027b8dedc336 sp=0x0000007fd95f8c40
Event: 28.973 Thread 0x0000027ba5fc6000 DEOPT UNPACKING pc=0x0000027b8c94a95e sp=0x0000007fd95f8120 mode 0
Event: 28.980 Thread 0x0000027ba5fc6000 DEOPT PACKING pc=0x0000027b8d37cfd6 sp=0x0000007fd95f8910
Event: 28.980 Thread 0x0000027ba5fc6000 DEOPT UNPACKING pc=0x0000027b8c94a95e sp=0x0000007fd95f7e18 mode 0
Event: 29.355 Thread 0x0000027ba5fc6000 DEOPT PACKING pc=0x0000027b8d8b0071 sp=0x0000007fd95f8790
Event: 29.355 Thread 0x0000027ba5fc6000 DEOPT UNPACKING pc=0x0000027b8c94a95e sp=0x0000007fd95f7c88 mode 0
Event: 29.789 Thread 0x0000027ba5fc6000 Uncommon trap: trap_request=0xffffff4d fr.pc=0x0000027b945e6040 relative=0x0000000000001dc0
Event: 29.789 Thread 0x0000027ba5fc6000 Uncommon trap: reason=unstable_if action=reinterpret pc=0x0000027b945e6040 method=sun.nio.fs.WindowsPathParser.normalize(Ljava/lang/StringBuilder;Ljava/lang/String;I)Ljava/lang/String; @ 172 c2
Event: 29.789 Thread 0x0000027ba5fc6000 DEOPT PACKING pc=0x0000027b945e6040 sp=0x0000007fd95f92d0
Event: 29.789 Thread 0x0000027ba5fc6000 DEOPT UNPACKING pc=0x0000027b8c94a1af sp=0x0000007fd95f92c0 mode 2
Event: 29.831 Thread 0x0000027ba5fc6000 Uncommon trap: trap_request=0xffffff4d fr.pc=0x0000027b944e4db8 relative=0x0000000000000838
Event: 29.831 Thread 0x0000027ba5fc6000 Uncommon trap: reason=unstable_if action=reinterpret pc=0x0000027b944e4db8 method=java.util.jar.JarFile.getVersionedEntry(Ljava/lang/String;Ljava/util/jar/JarEntry;)Ljava/util/jar/JarEntry; @ 67 c2
Event: 29.831 Thread 0x0000027ba5fc6000 DEOPT PACKING pc=0x0000027b944e4db8 sp=0x0000007fd95f75f0
Event: 29.831 Thread 0x0000027ba5fc6000 DEOPT UNPACKING pc=0x0000027b8c94a1af sp=0x0000007fd95f75d8 mode 2

Classes redefined (0 events):
No events

Internal exceptions (20 events):
Event: 28.513 Thread 0x0000027ba5fc6000 Exception <a 'java/lang/ClassNotFoundException'{0x000000008ac79828}: org/gradle/internal/extensibility/DefaultConventionBeanInfo> (0x000000008ac79828) thrown at [./src/hotspot/share/classfile/systemDictionary.cpp, line 231]
Event: 28.514 Thread 0x0000027ba5fc6000 Exception <a 'java/lang/ClassNotFoundException'{0x000000008ac8fbe0}: org/gradle/internal/extensibility/DefaultConventionCustomizer> (0x000000008ac8fbe0) thrown at [./src/hotspot/share/classfile/systemDictionary.cpp, line 231]
Event: 28.526 Thread 0x0000027ba5fc6000 Exception <a 'java/lang/ClassNotFoundException'{0x000000008ab37278}: org/gradle/internal/extensibility/DefaultExtensionsSchemaBeanInfo> (0x000000008ab37278) thrown at [./src/hotspot/share/classfile/systemDictionary.cpp, line 231]
Event: 28.527 Thread 0x0000027ba5fc6000 Exception <a 'java/lang/ClassNotFoundException'{0x000000008ab4e610}: org/gradle/internal/extensibility/DefaultExtensionsSchemaCustomizer> (0x000000008ab4e610) thrown at [./src/hotspot/share/classfile/systemDictionary.cpp, line 231]
Event: 28.530 Thread 0x0000027ba5fc6000 Exception <a 'java/lang/ClassNotFoundException'{0x000000008ab8dbc8}: org/gradle/internal/extensibility/ExtensionsStorage$ExtensionHolderBeanInfo> (0x000000008ab8dbc8) thrown at [./src/hotspot/share/classfile/systemDictionary.cpp, line 231]
Event: 28.531 Thread 0x0000027ba5fc6000 Exception <a 'java/lang/ClassNotFoundException'{0x000000008aba62b0}: org/gradle/internal/extensibility/ExtensionsStorage$ExtensionHolderCustomizer> (0x000000008aba62b0) thrown at [./src/hotspot/share/classfile/systemDictionary.cpp, line 231]
Event: 28.554 Thread 0x0000027ba5fc6000 Exception <a 'java/lang/ClassNotFoundException'{0x000000008a9d6b50}: org/codehaus/groovy/runtime/NullObjectBeanInfo> (0x000000008a9d6b50) thrown at [./src/hotspot/share/classfile/systemDictionary.cpp, line 231]
Event: 28.562 Thread 0x0000027ba5fc6000 Exception <a 'java/lang/ClassNotFoundException'{0x000000008a7ab8a0}: org/codehaus/groovy/runtime/NullObjectCustomizer> (0x000000008a7ab8a0) thrown at [./src/hotspot/share/classfile/systemDictionary.cpp, line 231]
Event: 28.636 Thread 0x0000027ba5fc6000 Exception <a 'java/lang/ClassNotFoundException'{0x000000008a1e3170}: org/gradle/api/internal/tasks/DefaultSourceSetContainer_DecoratedBeanInfo> (0x000000008a1e3170) thrown at [./src/hotspot/share/classfile/systemDictionary.cpp, line 231]
Event: 28.636 Thread 0x0000027ba5fc6000 Exception <a 'java/lang/ClassNotFoundException'{0x000000008a005348}: org/gradle/api/internal/tasks/DefaultSourceSetContainerBeanInfo> (0x000000008a005348) thrown at [./src/hotspot/share/classfile/systemDictionary.cpp, line 231]
Event: 28.637 Thread 0x0000027ba5fc6000 Exception <a 'java/lang/ClassNotFoundException'{0x000000008a0270e0}: org/gradle/api/internal/tasks/DefaultSourceSetContainerCustomizer> (0x000000008a0270e0) thrown at [./src/hotspot/share/classfile/systemDictionary.cpp, line 231]
Event: 28.638 Thread 0x0000027ba5fc6000 Exception <a 'java/lang/ClassNotFoundException'{0x000000008a057bf8}: org/gradle/api/internal/tasks/DefaultSourceSetContainer_DecoratedCustomizer> (0x000000008a057bf8) thrown at [./src/hotspot/share/classfile/systemDictionary.cpp, line 231]
Event: 28.671 Thread 0x0000027ba5fc6000 Exception <a 'java/lang/NoSuchMethodError'{0x0000000089f682a0}: <clinit>> (0x0000000089f682a0) thrown at [./src/hotspot/share/prims/jni.cpp, line 1366]
Event: 28.677 Thread 0x0000027ba5fc6000 Exception <a 'java/lang/NoSuchMethodError'{0x0000000089f7ea08}: <clinit>> (0x0000000089f7ea08) thrown at [./src/hotspot/share/prims/jni.cpp, line 1366]
Event: 28.678 Thread 0x0000027ba5fc6000 Exception <a 'java/lang/NoSuchMethodError'{0x0000000089f8cae8}: <clinit>> (0x0000000089f8cae8) thrown at [./src/hotspot/share/prims/jni.cpp, line 1366]
Event: 28.680 Thread 0x0000027ba5fc6000 Exception <a 'java/lang/NoSuchMethodError'{0x0000000089f99dc8}: <clinit>> (0x0000000089f99dc8) thrown at [./src/hotspot/share/prims/jni.cpp, line 1366]
Event: 29.055 Thread 0x0000027ba5fc6000 Exception <a 'java/lang/NoSuchMethodError'{0x000000008b2163c0}: <clinit>> (0x000000008b2163c0) thrown at [./src/hotspot/share/prims/jni.cpp, line 1366]
Event: 29.720 Thread 0x0000027ba5fc6000 Exception <a 'sun/nio/fs/WindowsException'{0x000000008bffdbf0}> (0x000000008bffdbf0) thrown at [./src/hotspot/share/prims/jni.cpp, line 616]
Event: 29.721 Thread 0x0000027ba5fc6000 Exception <a 'sun/nio/fs/WindowsException'{0x000000008bffdfc8}> (0x000000008bffdfc8) thrown at [./src/hotspot/share/prims/jni.cpp, line 616]
Event: 29.914 Thread 0x0000027ba5fc6000 Exception <a 'java/lang/NullPointerException'{0x000000008b57d4c0}> (0x000000008b57d4c0) thrown at [./src/hotspot/share/interpreter/linkResolver.cpp, line 1440]

Events (20 events):
Event: 30.237 loading class com/sun/xml/bind/v2/runtime/property/ArrayERProperty$ItemsLoader done
Event: 30.238 loading class com/sun/xml/bind/v2/runtime/reflect/NullSafeAccessor
Event: 30.238 loading class com/sun/xml/bind/v2/runtime/reflect/NullSafeAccessor done
Event: 30.238 loading class com/sun/xml/bind/v2/runtime/unmarshaller/XsiNilLoader$Array
Event: 30.238 loading class com/sun/xml/bind/v2/runtime/unmarshaller/XsiNilLoader$Array done
Event: 30.239 loading class com/sun/xml/bind/v2/runtime/property/SingleReferenceNodeProperty$1
Event: 30.239 loading class com/sun/xml/bind/v2/runtime/property/SingleReferenceNodeProperty$1 done
Event: 30.240 loading class com/sun/xml/bind/v2/runtime/unmarshaller/WildcardLoader
Event: 30.240 loading class com/sun/xml/bind/v2/runtime/unmarshaller/WildcardLoader done
Event: 30.240 loading class com/sun/xml/bind/v2/runtime/property/SingleMapNodeProperty$1
Event: 30.240 loading class com/sun/xml/bind/v2/runtime/property/SingleMapNodeProperty$1 done
Event: 30.241 loading class com/sun/xml/bind/v2/runtime/property/SingleMapNodeProperty$2
Event: 30.241 loading class com/sun/xml/bind/v2/runtime/property/SingleMapNodeProperty$2 done
Event: 30.242 loading class com/sun/xml/bind/v2/runtime/property/ArrayReferenceNodeProperty$MixedTextLoader
Event: 30.242 loading class com/sun/xml/bind/v2/runtime/property/ArrayReferenceNodeProperty$MixedTextLoader done
Event: 30.242 loading class com/sun/xml/bind/v2/runtime/property/PropertyFactory$1
Event: 30.242 loading class com/sun/xml/bind/v2/runtime/property/PropertyFactory$1 done
Event: 30.243 loading class com/sun/xml/bind/v2/runtime/property/Utils
Event: 30.243 loading class com/sun/xml/bind/v2/runtime/property/Utils done
Event: 30.243 Executing VM operation: G1CollectForAllocation


Dynamic libraries:
0x00007ff62acd0000 - 0x00007ff62acda000 	C:\Program Files\Android\Android Studio\jre\bin\java.exe
0x00007ff858c90000 - 0x00007ff858e88000 	C:\Windows\SYSTEM32\ntdll.dll
0x00007ff857b00000 - 0x00007ff857bbf000 	C:\Windows\System32\KERNEL32.DLL
0x00007ff8569b0000 - 0x00007ff856c82000 	C:\Windows\System32\KERNELBASE.dll
0x00007ff856880000 - 0x00007ff856980000 	C:\Windows\System32\ucrtbase.dll
0x00007ff8507a0000 - 0x00007ff8507b7000 	C:\Program Files\Android\Android Studio\jre\bin\VCRUNTIME140.dll
0x00007ff841760000 - 0x00007ff841779000 	C:\Program Files\Android\Android Studio\jre\bin\jli.dll
0x00007ff8570f0000 - 0x00007ff85728d000 	C:\Windows\System32\USER32.dll
0x00007ff856980000 - 0x00007ff8569a2000 	C:\Windows\System32\win32u.dll
0x00007ff844820000 - 0x00007ff844aba000 	C:\Windows\WinSxS\amd64_microsoft.windows.common-controls_6595b64144ccf1df_6.0.19041.1110_none_60b5254171f9507e\COMCTL32.dll
0x00007ff856ce0000 - 0x00007ff856d7e000 	C:\Windows\System32\msvcrt.dll
0x00007ff8573d0000 - 0x00007ff8573fb000 	C:\Windows\System32\GDI32.dll
0x00007ff856580000 - 0x00007ff85668f000 	C:\Windows\System32\gdi32full.dll
0x00007ff856390000 - 0x00007ff85642d000 	C:\Windows\System32\msvcp_win.dll
0x00007ff857a60000 - 0x00007ff857a92000 	C:\Windows\System32\IMM32.DLL
0x00007ff8403c0000 - 0x00007ff84045d000 	C:\Program Files\Android\Android Studio\jre\bin\msvcp140.dll
0x00007ff81b820000 - 0x00007ff81c322000 	C:\Program Files\Android\Android Studio\jre\bin\server\jvm.dll
0x00007ff857880000 - 0x00007ff85792e000 	C:\Windows\System32\ADVAPI32.dll
0x00007ff857050000 - 0x00007ff8570ec000 	C:\Windows\System32\sechost.dll
0x00007ff858b20000 - 0x00007ff858c45000 	C:\Windows\System32\RPCRT4.dll
0x00007ff857410000 - 0x00007ff857418000 	C:\Windows\System32\PSAPI.DLL
0x00007ff8507e0000 - 0x00007ff8507e9000 	C:\Windows\SYSTEM32\WSOCK32.dll
0x00007ff843cd0000 - 0x00007ff843cf7000 	C:\Windows\SYSTEM32\WINMM.dll
0x00007ff857810000 - 0x00007ff85787b000 	C:\Windows\System32\WS2_32.dll
0x00007ff8494e0000 - 0x00007ff8494ea000 	C:\Windows\SYSTEM32\VERSION.dll
0x00007ff854250000 - 0x00007ff854262000 	C:\Windows\SYSTEM32\kernel.appcore.dll
0x00007ff84d010000 - 0x00007ff84d021000 	C:\Program Files\Android\Android Studio\jre\bin\verify.dll
0x00007ff850040000 - 0x00007ff850224000 	C:\Windows\SYSTEM32\DBGHELP.DLL
0x00007ff850010000 - 0x00007ff85003c000 	C:\Windows\SYSTEM32\dbgcore.DLL
0x00007ff8567f0000 - 0x00007ff856872000 	C:\Windows\System32\bcryptPrimitives.dll
0x00007ff847da0000 - 0x00007ff847dc9000 	C:\Program Files\Android\Android Studio\jre\bin\java.dll
0x00007ff84cda0000 - 0x00007ff84cdab000 	C:\Program Files\Android\Android Studio\jre\bin\jimage.dll
0x00007ff847d80000 - 0x00007ff847d98000 	C:\Program Files\Android\Android Studio\jre\bin\zip.dll
0x00007ff858030000 - 0x00007ff858773000 	C:\Windows\System32\SHELL32.dll
0x00007ff854450000 - 0x00007ff854be2000 	C:\Windows\SYSTEM32\windows.storage.dll
0x00007ff857420000 - 0x00007ff857774000 	C:\Windows\System32\combase.dll
0x00007ff855df0000 - 0x00007ff855e20000 	C:\Windows\SYSTEM32\Wldp.dll
0x00007ff858780000 - 0x00007ff85882d000 	C:\Windows\System32\SHCORE.dll
0x00007ff857a00000 - 0x00007ff857a55000 	C:\Windows\System32\shlwapi.dll
0x00007ff8562d0000 - 0x00007ff8562ef000 	C:\Windows\SYSTEM32\profapi.dll
0x00007ff847d30000 - 0x00007ff847d4a000 	C:\Program Files\Android\Android Studio\jre\bin\net.dll
0x00007ff849670000 - 0x00007ff84977c000 	C:\Windows\SYSTEM32\WINHTTP.dll
0x00007ff855b50000 - 0x00007ff855bba000 	C:\Windows\system32\mswsock.dll
0x00007ff847d10000 - 0x00007ff847d24000 	C:\Program Files\Android\Android Studio\jre\bin\nio.dll
0x00007ff83e070000 - 0x00007ff83e097000 	C:\Users\intel\.gradle\native\e1d6ef7f7dcc3fd88c89a11ec53ec762bb8ba0a96d01ffa2cd45eb1d1d8dd5c5\windows-amd64\native-platform.dll
0x00007ff82f820000 - 0x00007ff82f964000 	C:\Users\intel\.gradle\native\5664cfc778a61ccfe75a443a1ab52a65af34e5dc3c78e0209fed803814484fcb\windows-amd64\native-platform-file-events.dll
0x00007ff84cd90000 - 0x00007ff84cd9a000 	C:\Program Files\Android\Android Studio\jre\bin\management.dll
0x00007ff847ce0000 - 0x00007ff847ced000 	C:\Program Files\Android\Android Studio\jre\bin\management_ext.dll
0x00007ff855d50000 - 0x00007ff855d68000 	C:\Windows\SYSTEM32\CRYPTSP.dll
0x00007ff855400000 - 0x00007ff855434000 	C:\Windows\system32\rsaenh.dll
0x00007ff856430000 - 0x00007ff856457000 	C:\Windows\System32\bcrypt.dll
0x00007ff856250000 - 0x00007ff85627e000 	C:\Windows\SYSTEM32\USERENV.dll
0x00007ff855d40000 - 0x00007ff855d4c000 	C:\Windows\SYSTEM32\CRYPTBASE.dll
0x00007ff8557f0000 - 0x00007ff85582b000 	C:\Windows\SYSTEM32\IPHLPAPI.DLL
0x00007ff857780000 - 0x00007ff857788000 	C:\Windows\System32\NSI.dll
0x00007ff84e600000 - 0x00007ff84e617000 	C:\Windows\SYSTEM32\dhcpcsvc6.DLL
0x00007ff84ef80000 - 0x00007ff84ef9d000 	C:\Windows\SYSTEM32\dhcpcsvc.DLL
0x00007ff855840000 - 0x00007ff85590a000 	C:\Windows\SYSTEM32\DNSAPI.dll

dbghelp: loaded successfully - version: 4.0.5 - missing functions: none
symbol engine: initialized successfully - sym options: 0x614 - pdb path: .;C:\Program Files\Android\Android Studio\jre\bin;C:\Windows\SYSTEM32;C:\Windows\WinSxS\amd64_microsoft.windows.common-controls_6595b64144ccf1df_6.0.19041.1110_none_60b5254171f9507e;C:\Program Files\Android\Android Studio\jre\bin\server;C:\Users\intel\.gradle\native\e1d6ef7f7dcc3fd88c89a11ec53ec762bb8ba0a96d01ffa2cd45eb1d1d8dd5c5\windows-amd64;C:\Users\intel\.gradle\native\5664cfc778a61ccfe75a443a1ab52a65af34e5dc3c78e0209fed803814484fcb\windows-amd64

VM Arguments:
jvm_args: --add-opens=java.base/java.util=ALL-UNNAMED --add-opens=java.base/java.lang=ALL-UNNAMED --add-opens=java.base/java.lang.invoke=ALL-UNNAMED --add-opens=java.base/java.util=ALL-UNNAMED --add-opens=java.prefs/java.util.prefs=ALL-UNNAMED --add-opens=java.prefs/java.util.prefs=ALL-UNNAMED --add-opens=java.base/java.nio.charset=ALL-UNNAMED --add-opens=java.base/java.net=ALL-UNNAMED --add-opens=java.base/java.util.concurrent.atomic=ALL-UNNAMED -Xmx2048m -Dfile.encoding=UTF-8 -Duser.country=US -Duser.language=en -Duser.variant 
java_command: org.gradle.launcher.daemon.bootstrap.GradleDaemon 7.3.3
java_class_path (initial): C:\Users\intel\.gradle\wrapper\dists\gradle-7.3.3-bin\6a41zxkdtcxs8rphpq6y0069z\gradle-7.3.3\lib\gradle-launcher-7.3.3.jar
Launcher Type: SUN_STANDARD

[Global flags]
     intx CICompilerCount                          = 3                                         {product} {ergonomic}
     uint ConcGCThreads                            = 1                                         {product} {ergonomic}
     uint G1ConcRefinementThreads                  = 4                                         {product} {ergonomic}
   size_t G1HeapRegionSize                         = 1048576                                   {product} {ergonomic}
    uintx GCDrainStackTargetSize                   = 64                                        {product} {ergonomic}
   size_t InitialHeapSize                          = 67108864                                  {product} {ergonomic}
   size_t MarkStackSize                            = 4194304                                   {product} {ergonomic}
   size_t MaxHeapSize                              = 2147483648                                {product} {command line}
   size_t MaxNewSize                               = 1287651328                                {product} {ergonomic}
   size_t MinHeapDeltaBytes                        = 1048576                                   {product} {ergonomic}
    uintx NonNMethodCodeHeapSize                   = 5830732                                {pd product} {ergonomic}
    uintx NonProfiledCodeHeapSize                  = 122913754                              {pd product} {ergonomic}
    uintx ProfiledCodeHeapSize                     = 122913754                              {pd product} {ergonomic}
    uintx ReservedCodeCacheSize                    = 251658240                              {pd product} {ergonomic}
     bool SegmentedCodeCache                       = true                                      {product} {ergonomic}
     bool UseCompressedClassPointers               = true                                 {lp64_product} {ergonomic}
     bool UseCompressedOops                        = true                                 {lp64_product} {ergonomic}
     bool UseG1GC                                  = true                                      {product} {ergonomic}
     bool UseLargePagesIndividualAllocation        = false                                  {pd product} {ergonomic}

Logging:
Log output configuration:
 #0: stdout all=warning uptime,level,tags
 #1: stderr all=off uptime,level,tags

Environment Variables:
PATH=C:\Windows\system32;C:\Windows;C:\Windows\System32\Wbem;C:\Windows\System32\WindowsPowerShell\v1.0\;C:\Windows\System32\OpenSSH\;C:\Users\intel\.jdks\openjdk-19.0.1\bin;C:\MinGW\bin;C:\Program Files\Git\cmd;C:\Users\intel\AppData\Local\Microsoft\WindowsApps;;C:\Program Files\JetBrains\IntelliJ IDEA Community Edition 2022.3\bin;;C:\Users\intel\AppData\Local\Programs\Microsoft VS Code\bin;C:\Program Files\JetBrains\PyCharm Community Edition 2022.3.2\bin;
USERNAME=intel
OS=Windows_NT
PROCESSOR_IDENTIFIER=Intel64 Family 6 Model 69 Stepping 1, GenuineIntel



---------------  S Y S T E M  ---------------

OS: Windows 10 , 64 bit Build 19041 (10.0.19041.2251)
OS uptime: 3 days 22:35 hours

CPU:total 4 (initial active 4) (2 cores per cpu, 2 threads per core) family 6 model 69 stepping 1 microcode 0x25, cmov, cx8, fxsr, mmx, sse, sse2, sse3, ssse3, sse4.1, sse4.2, popcnt, avx, avx2, aes, clmul, erms, lzcnt, ht, tsc, tscinvbit, bmi1, bmi2, fma

Memory: 4k page, system-wide physical 4006M (244M free)
TotalPageFile size 6100M (AvailPageFile size 29M)
current process WorkingSet (physical memory assigned to process): 439M, peak: 441M
current process commit charge ("private bytes"): 468M, peak: 512M

vm_info: OpenJDK 64-Bit Server VM (11.0.13+0-b1751.21-8125866) for windows-amd64 JRE (11.0.13+0-b1751.21-8125866), built on Feb  2 2022 03:00:22 by "builder" with MS VC++ 14.0 (VS2015)

END.
